0 info it worked if it ends with ok
1 verbose cli [ 'C:\\Program Files (x86)\\nodejs\\node.exe',
1 verbose cli   'C:\\Program Files (x86)\\nodejs\\node_modules\\npm\\bin\\npm-cli.js',
1 verbose cli   'start' ]
2 info using npm@3.10.10
3 info using node@v6.10.3
4 warn onload-script failed to require onload script npm-autoinit/autoinit
5 warn onload-script Error: Cannot find module 'npm-autoinit/autoinit'
5 warn onload-script     at Function.Module._resolveFilename (module.js:469:15)
5 warn onload-script     at Function.Module._load (module.js:417:25)
5 warn onload-script     at Module.require (module.js:497:17)
5 warn onload-script     at require (internal/module.js:20:19)
5 warn onload-script     at cb (C:\Program Files (x86)\nodejs\node_modules\npm\lib\npm.js:199:11)
5 warn onload-script     at C:\Program Files (x86)\nodejs\node_modules\npm\lib\npm.js:304:16
5 warn onload-script     at C:\Program Files (x86)\nodejs\node_modules\npm\lib\config\core.js:81:7
5 warn onload-script     at Array.forEach (native)
5 warn onload-script     at C:\Program Files (x86)\nodejs\node_modules\npm\lib\config\core.js:80:13
5 warn onload-script     at f (C:\Program Files (x86)\nodejs\node_modules\npm\node_modules\once\once.js:25:25)
5 warn onload-script  { Error: Cannot find module 'npm-autoinit/autoinit'
5 warn onload-script     at Function.Module._resolveFilename (module.js:469:15)
5 warn onload-script     at Function.Module._load (module.js:417:25)
5 warn onload-script     at Module.require (module.js:497:17)
5 warn onload-script     at require (internal/module.js:20:19)
5 warn onload-script     at cb (C:\Program Files (x86)\nodejs\node_modules\npm\lib\npm.js:199:11)
5 warn onload-script     at C:\Program Files (x86)\nodejs\node_modules\npm\lib\npm.js:304:16
5 warn onload-script     at C:\Program Files (x86)\nodejs\node_modules\npm\lib\config\core.js:81:7
5 warn onload-script     at Array.forEach (native)
5 warn onload-script     at C:\Program Files (x86)\nodejs\node_modules\npm\lib\config\core.js:80:13
5 warn onload-script     at f (C:\Program Files (x86)\nodejs\node_modules\npm\node_modules\once\once.js:25:25) code: 'MODULE_NOT_FOUND' }
6 verbose run-script [ 'prestart', 'start', 'poststart' ]
7 info lifecycle webs-mecanica@0.0.0~prestart: webs-mecanica@0.0.0
8 silly lifecycle webs-mecanica@0.0.0~prestart: no script for prestart, continuing
9 info lifecycle webs-mecanica@0.0.0~start: webs-mecanica@0.0.0
10 verbose lifecycle webs-mecanica@0.0.0~start: unsafe-perm in lifecycle true
11 verbose lifecycle webs-mecanica@0.0.0~start: PATH: C:\Program Files (x86)\nodejs\node_modules\npm\bin\node-gyp-bin;C:\Users\AMD\Desktop\WebS Mecanica\node_modules\.bin;C:\ProgramData\Oracle\Java\javapath;C:\WINDOWS\system32;C:\WINDOWS;C:\WINDOWS\System32\Wbem;C:\WINDOWS\System32\WindowsPowerShell\v1.0\;;C:\Program Files (x86)\Windows Live\Shared;C:\Program Files (x86)\ATI Technologies\ATI.ACE\Core-Static;C:\Program Files\Java\jdk1.8.0_60\bin;C:\Program Files (x86)\QuickTime\QTSystem\;C:\Program Files\Git\cmd;C:\Program Files (x86)\Microsoft SQL Server\Client SDK\ODBC\110\Tools\Binn\;C:\Program Files (x86)\Microsoft SQL Server\120\Tools\Binn\;C:\Program Files (x86)\Microsoft SQL Server\120\DTS\Binn\;C:\Program Files (x86)\Microsoft SQL Server\120\Tools\Binn\ManagementStudio\;C:\WINDOWS\system32\config\systemprofile\.dnx\bin;C:\Program Files\Microsoft DNX\Dnvm\;C:\Program Files (x86)\Windows Kits\8.1\Windows Performance Toolkit\;C:\Program Files\Microsoft SQL Server\130\Tools\Binn\;C:\Program Files (x86)\Skype\Phone\;C:\xampp\php;C:\Program Files\dotnet\;C:\Program Files (x86)\nodejs\;C:\Users\AMD\AppData\Local\Microsoft\WindowsApps;C:\Program Files (x86)\Microsoft VS Code\bin;C:\Users\AMD\AppData\Roaming\npm;
12 verbose lifecycle webs-mecanica@0.0.0~start: CWD: C:\Users\AMD\Desktop\WebS Mecanica
13 silly lifecycle webs-mecanica@0.0.0~start: Args: [ '/d /s /c', 'node ./bin/www' ]
14 verbose stack Error: kill ENOSYS
14 verbose stack     at exports._errnoException (util.js:1018:11)
14 verbose stack     at process.kill (internal/process.js:190:13)
14 verbose stack     at process.listener (C:\Program Files (x86)\nodejs\node_modules\npm\node_modules\npmlog\node_modules\gauge\node_modules\signal-exit\index.js:86:15)
14 verbose stack     at emitNone (events.js:91:20)
14 verbose stack     at process.emit (events.js:185:7)
14 verbose stack     at processEmit (C:\Program Files (x86)\nodejs\node_modules\npm\node_modules\npmlog\node_modules\gauge\node_modules\signal-exit\index.js:146:32)
14 verbose stack     at processEmit (C:\Program Files (x86)\nodejs\node_modules\npm\node_modules\npm-registry-client\node_modules\npmlog\node_modules\gauge\node_modules\signal-exit\index.js:146:32)
14 verbose stack     at Signal.wrap.onsignal (internal/process.js:217:44)
15 verbose cwd C:\Users\AMD\Desktop\WebS Mecanica
16 error Windows_NT 10.0.15063
17 error argv "C:\\Program Files (x86)\\nodejs\\node.exe" "C:\\Program Files (x86)\\nodejs\\node_modules\\npm\\bin\\npm-cli.js" "start"
18 error node v6.10.3
19 error npm  v3.10.10
20 error code ENOSYS
21 error errno ENOSYS
22 error syscall kill
23 error kill ENOSYS
24 error If you need help, you may report this error at:
24 error     <https://github.com/npm/npm/issues>
25 verbose exit [ 1, true ]
